["```\nCREATE INDEX bloomidx ON tbloom USING bloom (i1,i2,i3)\n       WITH (length=80, col1=2, col2=2, col3=4);\n\n```", "```\n=# CREATE TABLE tbloom AS\n   SELECT\n     (random() * 1000000)::int as i1,\n     (random() * 1000000)::int as i2,\n     (random() * 1000000)::int as i3,\n     (random() * 1000000)::int as i4,\n     (random() * 1000000)::int as i5,\n     (random() * 1000000)::int as i6\n   FROM\n  generate_series(1,10000000);\nSELECT 10000000\n\n```", "```\n=# EXPLAIN ANALYZE SELECT * FROM tbloom WHERE i2 = 898732 AND i5 = 123451;\n                                              QUERY PLAN\n-------------------------------------------------------------------​-----------------------------------\n Seq Scan on tbloom  (cost=0.00..2137.14 rows=3 width=24) (actual time=16.971..16.971 rows=0 loops=1)\n   Filter: ((i2 = 898732) AND (i5 = 123451))\n   Rows Removed by Filter: 100000\n Planning Time: 0.346 ms\n Execution Time: 16.988 ms\n(5 rows)\n\n```", "```\n=# CREATE INDEX btreeidx ON tbloom (i1, i2, i3, i4, i5, i6);\nCREATE INDEX\n=# SELECT pg_size_pretty(pg_relation_size('btreeidx'));\n pg_size_pretty\n----------------\n 3976 kB\n(1 row)\n=# EXPLAIN ANALYZE SELECT * FROM tbloom WHERE i2 = 898732 AND i5 = 123451;\n                                              QUERY PLAN\n-------------------------------------------------------------------​-----------------------------------\n Seq Scan on tbloom  (cost=0.00..2137.00 rows=2 width=24) (actual time=12.805..12.805 rows=0 loops=1)\n   Filter: ((i2 = 898732) AND (i5 = 123451))\n   Rows Removed by Filter: 100000\n Planning Time: 0.138 ms\n Execution Time: 12.817 ms\n(5 rows)\n\n```", "```\n=# CREATE INDEX bloomidx ON tbloom USING bloom (i1, i2, i3, i4, i5, i6);\nCREATE INDEX\n=# SELECT pg_size_pretty(pg_relation_size('bloomidx'));\n pg_size_pretty\n----------------\n 1584 kB\n(1 row)\n=# EXPLAIN ANALYZE SELECT * FROM tbloom WHERE i2 = 898732 AND i5 = 123451;\n                                                     QUERY PLAN\n-------------------------------------------------------------------​--------------------------------------------------\n Bitmap Heap Scan on tbloom  (cost=1792.00..1799.69 rows=2 width=24) (actual time=0.388..0.388 rows=0 loops=1)\n   Recheck Cond: ((i2 = 898732) AND (i5 = 123451))\n   Rows Removed by Index Recheck: 29\n   Heap Blocks: exact=28\n   ->  Bitmap Index Scan on bloomidx  (cost=0.00..1792.00 rows=2 width=0) (actual time=0.356..0.356 rows=29 loops=1)\n         Index Cond: ((i2 = 898732) AND (i5 = 123451))\n Planning Time: 0.099 ms\n Execution Time: 0.408 ms\n(8 rows)\n\n```", "```\n=# CREATE INDEX btreeidx1 ON tbloom (i1);\nCREATE INDEX\n=# CREATE INDEX btreeidx2 ON tbloom (i2);\nCREATE INDEX\n=# CREATE INDEX btreeidx3 ON tbloom (i3);\nCREATE INDEX\n=# CREATE INDEX btreeidx4 ON tbloom (i4);\nCREATE INDEX\n=# CREATE INDEX btreeidx5 ON tbloom (i5);\nCREATE INDEX\n=# CREATE INDEX btreeidx6 ON tbloom (i6);\nCREATE INDEX\n=# EXPLAIN ANALYZE SELECT * FROM tbloom WHERE i2 = 898732 AND i5 = 123451;\n                                                        QUERY PLAN\n-------------------------------------------------------------------​--------------------------------------------------------\n Bitmap Heap Scan on tbloom  (cost=24.34..32.03 rows=2 width=24) (actual time=0.028..0.029 rows=0 loops=1)\n   Recheck Cond: ((i5 = 123451) AND (i2 = 898732))\n   ->  BitmapAnd  (cost=24.34..24.34 rows=2 width=0) (actual time=0.027..0.027 rows=0 loops=1)\n         ->  Bitmap Index Scan on btreeidx5  (cost=0.00..12.04 rows=500 width=0) (actual time=0.026..0.026 rows=0 loops=1)\n               Index Cond: (i5 = 123451)\n         ->  Bitmap Index Scan on btreeidx2  (cost=0.00..12.04 rows=500 width=0) (never executed)\n               Index Cond: (i2 = 898732)\n Planning Time: 0.491 ms\n Execution Time: 0.055 ms\n(9 rows)\n\n```"]